<?xml version="1.0" encoding="UTF-8"?>
<!-- Generated by org.testng.reporters.JUnitReportReporter -->
<testsuite skipped="0" hostname="LAPTOP-7HB0GS3K" name="testCases.TC001_registerUser" tests="1" failures="0" timestamp="20 Apr 2019 23:16:08 GMT" time="4.306" errors="0">
  <testcase name="sample" time="4.306" classname="testCases.TC001_registerUser"/>
</testsuite> <!-- testCases.TC001_registerUser -->
