<?xml version="1.0" encoding="UTF-8"?>
<!-- Generated by org.testng.reporters.JUnitReportReporter -->
<testsuite skipped="0" hostname="LAPTOP-7HB0GS3K" name="testCases.TC001_registerUser" tests="1" failures="0" timestamp="19 Apr 2019 20:22:03 GMT" time="5.152" errors="0">
  <testcase name="sample" time="5.152" classname="testCases.TC001_registerUser"/>
</testsuite> <!-- testCases.TC001_registerUser -->
