<?xml version="1.0" encoding="UTF-8"?>
<!-- Generated by org.testng.reporters.JUnitReportReporter -->
<testsuite skipped="0" hostname="LAPTOP-7HB0GS3K" name="testCases.TC001_login" tests="1" failures="0" timestamp="20 Apr 2019 23:16:08 GMT" time="6.816" errors="0">
  <testcase name="doLogin" time="6.816" classname="testCases.TC001_login"/>
</testsuite> <!-- testCases.TC001_login -->
