<?xml version="1.0" encoding="UTF-8"?>
<!-- Generated by org.testng.reporters.JUnitReportReporter -->
<testsuite skipped="0" hostname="LAPTOP-7HB0GS3K" name="personalPractice.propertyTest" tests="1" failures="0" timestamp="01 Dec 2018 23:09:09 GMT" time="0.017" errors="0">
  <testcase name="testProperty" time="0.017" classname="personalPractice.propertyTest"/>
</testsuite> <!-- personalPractice.propertyTest -->
