<?xml version="1.0" encoding="UTF-8"?>
<!-- Generated by org.testng.reporters.JUnitReportReporter -->
<testsuite skipped="0" hostname="LAPTOP-7HB0GS3K" name="personalPractice.propertyTest" tests="1" failures="0" timestamp="21 Apr 2019 16:06:09 GMT" time="0.015" errors="0">
  <testcase name="testProperty" time="0.015" classname="personalPractice.propertyTest"/>
</testsuite> <!-- personalPractice.propertyTest -->
