<?xml version="1.0" encoding="UTF-8"?>
<!-- Generated by org.testng.reporters.JUnitReportReporter -->
<testsuite skipped="0" hostname="LAPTOP-7HB0GS3K" name="testCases.TC001_login" tests="2" failures="0" timestamp="19 Apr 2019 20:22:03 GMT" time="9.621" errors="0">
  <testcase name="doLogin" time="4.459" classname="testCases.TC001_login"/>
  <testcase name="doLogin" time="5.162" classname="testCases.TC001_login"/>
</testsuite> <!-- testCases.TC001_login -->
