<?xml version="1.0" encoding="UTF-8"?>
<!-- Generated by org.testng.reporters.JUnitReportReporter -->
<testsuite skipped="0" hostname="LAPTOP-7HB0GS3K" name="addedByOvi.OviAdded" tests="1" failures="0" timestamp="11 Mar 2019 22:59:35 GMT" time="0.025" errors="0">
  <testcase name="OviPushe" time="0.025" classname="addedByOvi.OviAdded"/>
</testsuite> <!-- addedByOvi.OviAdded -->
