<?xml version="1.0" encoding="UTF-8"?>
<!-- Generated by org.testng.reporters.JUnitReportReporter -->
<testsuite skipped="0" hostname="LAPTOP-7HB0GS3K" name="testCases.TC001_login" tests="1" failures="0" timestamp="21 Apr 2019 16:02:43 GMT" time="5.589" errors="0">
  <testcase name="doLogin" time="5.589" classname="testCases.TC001_login"/>
</testsuite> <!-- testCases.TC001_login -->
