<?xml version="1.0" encoding="UTF-8"?>
<!-- Generated by org.testng.reporters.JUnitReportReporter -->
<testsuite skipped="0" hostname="LAPTOP-7HB0GS3K" name="testCases.TC001_registerUser" tests="1" failures="0" timestamp="16 Mar 2019 17:25:43 GMT" time="5.187" errors="0">
  <testcase name="sample" time="5.187" classname="testCases.TC001_registerUser"/>
</testsuite> <!-- testCases.TC001_registerUser -->
